29-May-2022 23:50:36.297 SEVERE [main] org.apache.catalina.connector.Connector.<init> Protocol handler instantiation failed
	java.lang.ClassNotFoundException: org.apache.coyote.http11.Http11Protocol
		at java.net.URLClassLoader.findClass(URLClassLoader.java:387)
		at java.lang.ClassLoader.loadClass(ClassLoader.java:418)
		at java.lang.ClassLoader.loadClass(ClassLoader.java:351)
		at java.lang.Class.forName0(Native Method)
		at java.lang.Class.forName(Class.java:264)
		at org.apache.coyote.ProtocolHandler.create(ProtocolHandler.java:246)
		at org.apache.catalina.connector.Connector.<init>(Connector.java:78)
		at org.apache.catalina.startup.ConnectorCreateRule.begin(ConnectorCreateRule.java:65)
		at org.apache.tomcat.util.digester.Digester.startElement(Digester.java:1264)
		at com.sun.org.apache.xerces.internal.parsers.AbstractSAXParser.startElement(AbstractSAXParser.java:509)
		at com.sun.org.apache.xerces.internal.parsers.AbstractXMLDocumentParser.emptyElement(AbstractXMLDocumentParser.java:182)
		at com.sun.org.apache.xerces.internal.impl.XMLDocumentFragmentScannerImpl.scanStartElement(XMLDocumentFragmentScannerImpl.java:1339)
		at com.sun.org.apache.xerces.internal.impl.XMLDocumentFragmentScannerImpl$FragmentContentDriver.next(XMLDocumentFragmentScannerImpl.java:2784)
		at com.sun.org.apache.xerces.internal.impl.XMLDocumentScannerImpl.next(XMLDocumentScannerImpl.java:602)
		at com.sun.org.apache.xerces.internal.impl.XMLDocumentFragmentScannerImpl.scanDocument(XMLDocumentFragmentScannerImpl.java:505)
		at com.sun.org.apache.xerces.internal.parsers.XML11Configuration.parse(XML11Configuration.java:842)
		at com.sun.org.apache.xerces.internal.parsers.XML11Configuration.parse(XML11Configuration.java:771)
		at com.sun.org.apache.xerces.internal.parsers.XMLParser.parse(XMLParser.java:141)
		at com.sun.org.apache.xerces.internal.parsers.AbstractSAXParser.parse(AbstractSAXParser.java:1213)
		at com.sun.org.apache.xerces.internal.jaxp.SAXParserImpl$JAXPSAXParser.parse(SAXParserImpl.java:643)
		at org.apache.tomcat.util.digester.Digester.parse(Digester.java:1522)
		at org.apache.catalina.startup.Catalina.parseServerXml(Catalina.java:642)
		at org.apache.catalina.startup.Catalina.load(Catalina.java:732)
		at org.apache.catalina.startup.Catalina.load(Catalina.java:769)
		at sun.reflect.NativeMethodAccessorImpl.invoke0(Native Method)
		at sun.reflect.NativeMethodAccessorImpl.invoke(NativeMethodAccessorImpl.java:62)
		at sun.reflect.DelegatingMethodAccessorImpl.invoke(DelegatingMethodAccessorImpl.java:43)
		at java.lang.reflect.Method.invoke(Method.java:498)
		at org.apache.catalina.startup.Bootstrap.load(Bootstrap.java:305)
		at org.apache.catalina.startup.Bootstrap.main(Bootstrap.java:475)
29-May-2022 23:50:36.335 WARNING [main] org.apache.tomcat.util.digester.SetPropertiesRule.begin Match [Server/Service/Connector] failed to set property [maxThreads] to [150]
29-May-2022 23:50:36.335 WARNING [main] org.apache.tomcat.util.digester.SetPropertiesRule.begin Match [Server/Service/Connector] failed to set property [SSLEnabled] to [true]
29-May-2022 23:50:36.336 WARNING [main] org.apache.tomcat.util.digester.SetPropertiesRule.begin Match [Server/Service/Connector] failed to set property [clientAuth] to [false]
29-May-2022 23:50:36.336 WARNING [main] org.apache.tomcat.util.digester.SetPropertiesRule.begin Match [Server/Service/Connector] failed to set property [sslProtocol] to [TLS]
29-May-2022 23:50:36.336 WARNING [main] org.apache.tomcat.util.digester.SetPropertiesRule.begin Match [Server/Service/Connector] failed to set property [keystorePass] to [1234]
29-May-2022 23:50:36.336 WARNING [main] org.apache.tomcat.util.digester.SetPropertiesRule.begin Match [Server/Service/Connector] failed to set property [keystoreFile] to [/home/ec2-user/.ssh/.keystore]
29-May-2022 23:50:36.536 INFO [main] org.apache.catalina.startup.VersionLoggerListener.log Server version name:   Apache Tomcat/10.0.21
29-May-2022 23:50:36.536 INFO [main] org.apache.catalina.startup.VersionLoggerListener.log Server built:          May 10 2022 21:53:12 UTC
29-May-2022 23:50:36.536 INFO [main] org.apache.catalina.startup.VersionLoggerListener.log Server version number: 10.0.21.0
29-May-2022 23:50:36.536 INFO [main] org.apache.catalina.startup.VersionLoggerListener.log OS Name:               Linux
29-May-2022 23:50:36.536 INFO [main] org.apache.catalina.startup.VersionLoggerListener.log OS Version:            5.10.112-108.499.amzn2.x86_64
29-May-2022 23:50:36.536 INFO [main] org.apache.catalina.startup.VersionLoggerListener.log Architecture:          amd64
29-May-2022 23:50:36.536 INFO [main] org.apache.catalina.startup.VersionLoggerListener.log Java Home:             /usr/lib/jvm/java-1.8.0-openjdk-1.8.0.312.b07-1.amzn2.0.2.x86_64/jre
29-May-2022 23:50:36.536 INFO [main] org.apache.catalina.startup.VersionLoggerListener.log JVM Version:           1.8.0_312-b07
29-May-2022 23:50:36.537 INFO [main] org.apache.catalina.startup.VersionLoggerListener.log JVM Vendor:            Red Hat, Inc.
29-May-2022 23:50:36.537 INFO [main] org.apache.catalina.startup.VersionLoggerListener.log CATALINA_BASE:         /usr/local/apache-tomcat-10.0.21
29-May-2022 23:50:36.537 INFO [main] org.apache.catalina.startup.VersionLoggerListener.log CATALINA_HOME:         /usr/local/apache-tomcat-10.0.21
29-May-2022 23:50:36.539 INFO [main] org.apache.catalina.startup.VersionLoggerListener.log Command line argument: -Djava.util.logging.config.file=/usr/local/apache-tomcat-10.0.21/conf/logging.properties
29-May-2022 23:50:36.539 INFO [main] org.apache.catalina.startup.VersionLoggerListener.log Command line argument: -Djava.util.logging.manager=org.apache.juli.ClassLoaderLogManager
29-May-2022 23:50:36.540 INFO [main] org.apache.catalina.startup.VersionLoggerListener.log Command line argument: -Djdk.tls.ephemeralDHKeySize=2048
29-May-2022 23:50:36.541 INFO [main] org.apache.catalina.startup.VersionLoggerListener.log Command line argument: -Djava.protocol.handler.pkgs=org.apache.catalina.webresources
29-May-2022 23:50:36.541 INFO [main] org.apache.catalina.startup.VersionLoggerListener.log Command line argument: -Dorg.apache.catalina.security.SecurityListener.UMASK=0027
29-May-2022 23:50:36.541 INFO [main] org.apache.catalina.startup.VersionLoggerListener.log Command line argument: -Dignore.endorsed.dirs=
29-May-2022 23:50:36.541 INFO [main] org.apache.catalina.startup.VersionLoggerListener.log Command line argument: -Dcatalina.base=/usr/local/apache-tomcat-10.0.21
29-May-2022 23:50:36.542 INFO [main] org.apache.catalina.startup.VersionLoggerListener.log Command line argument: -Dcatalina.home=/usr/local/apache-tomcat-10.0.21
29-May-2022 23:50:36.549 INFO [main] org.apache.catalina.startup.VersionLoggerListener.log Command line argument: -Djava.io.tmpdir=/usr/local/apache-tomcat-10.0.21/temp
29-May-2022 23:50:36.553 INFO [main] org.apache.catalina.core.AprLifecycleListener.lifecycleEvent The Apache Tomcat Native library which allows using OpenSSL was not found on the java.library.path: [/usr/java/packages/lib/amd64:/usr/lib64:/lib64:/lib:/usr/lib]
29-May-2022 23:50:37.468 SEVERE [main] org.apache.catalina.util.LifecycleBase.handleSubClassException Failed to initialize component [Connector[org.apache.coyote.http11.Http11Protocol-auto-null]]
	org.apache.catalina.LifecycleException: Protocol handler instantiation failed
		at org.apache.catalina.connector.Connector.initInternal(Connector.java:1017)
		at org.apache.catalina.util.LifecycleBase.init(LifecycleBase.java:136)
		at org.apache.catalina.core.StandardService.initInternal(StandardService.java:556)
		at org.apache.catalina.util.LifecycleBase.init(LifecycleBase.java:136)
		at org.apache.catalina.core.StandardServer.initInternal(StandardServer.java:1042)
		at org.apache.catalina.util.LifecycleBase.init(LifecycleBase.java:136)
		at org.apache.catalina.startup.Catalina.load(Catalina.java:747)
		at org.apache.catalina.startup.Catalina.load(Catalina.java:769)
		at sun.reflect.NativeMethodAccessorImpl.invoke0(Native Method)
		at sun.reflect.NativeMethodAccessorImpl.invoke(NativeMethodAccessorImpl.java:62)
		at sun.reflect.DelegatingMethodAccessorImpl.invoke(DelegatingMethodAccessorImpl.java:43)
		at java.lang.reflect.Method.invoke(Method.java:498)
		at org.apache.catalina.startup.Bootstrap.load(Bootstrap.java:305)
		at org.apache.catalina.startup.Bootstrap.main(Bootstrap.java:475)
29-May-2022 23:50:37.475 INFO [main] org.apache.coyote.AbstractProtocol.init Initializing ProtocolHandler ["ajp-nio-0.0.0.0-8009"]
29-May-2022 23:50:37.543 INFO [main] org.apache.catalina.startup.Catalina.load Server initialization in [1544] milliseconds
29-May-2022 23:50:37.612 INFO [main] org.apache.catalina.core.StandardService.startInternal Starting service [Catalina]
29-May-2022 23:50:37.613 INFO [main] org.apache.catalina.core.StandardEngine.startInternal Starting Servlet engine: [Apache Tomcat/10.0.21]
29-May-2022 23:50:37.631 INFO [main] org.apache.catalina.startup.HostConfig.deployDirectory Deploying web application directory [/usr/local/apache-tomcat-10.0.21/webapps/ROOT]
29-May-2022 23:50:38.224 INFO [main] org.apache.jasper.servlet.TldScanner.scanJars At least one JAR was scanned for TLDs yet contained no TLDs. Enable debug logging for this logger for a complete list of JARs that were scanned but no TLDs were found in them. Skipping unneeded JARs during scanning can improve startup time and JSP compilation time.
29-May-2022 23:50:38.354 INFO [main] org.apache.catalina.startup.HostConfig.deployDirectory Deployment of web application directory [/usr/local/apache-tomcat-10.0.21/webapps/ROOT] has finished in [718] ms
29-May-2022 23:50:38.354 INFO [main] org.apache.catalina.startup.HostConfig.deployDirectory Deploying web application directory [/usr/local/apache-tomcat-10.0.21/webapps/docs]
29-May-2022 23:50:38.545 INFO [main] org.apache.jasper.servlet.TldScanner.scanJars At least one JAR was scanned for TLDs yet contained no TLDs. Enable debug logging for this logger for a complete list of JARs that were scanned but no TLDs were found in them. Skipping unneeded JARs during scanning can improve startup time and JSP compilation time.
29-May-2022 23:50:38.548 INFO [main] org.apache.catalina.startup.HostConfig.deployDirectory Deployment of web application directory [/usr/local/apache-tomcat-10.0.21/webapps/docs] has finished in [194] ms
29-May-2022 23:50:38.548 INFO [main] org.apache.catalina.startup.HostConfig.deployDirectory Deploying web application directory [/usr/local/apache-tomcat-10.0.21/webapps/examples]
29-May-2022 23:50:39.025 INFO [main] org.apache.jasper.servlet.TldScanner.scanJars At least one JAR was scanned for TLDs yet contained no TLDs. Enable debug logging for this logger for a complete list of JARs that were scanned but no TLDs were found in them. Skipping unneeded JARs during scanning can improve startup time and JSP compilation time.
29-May-2022 23:50:39.085 INFO [main] org.apache.catalina.core.ApplicationContext.log ContextListener: contextInitialized()
29-May-2022 23:50:39.086 INFO [main] org.apache.catalina.core.ApplicationContext.log SessionListener: contextInitialized()
29-May-2022 23:50:39.088 INFO [main] org.apache.catalina.core.ApplicationContext.log ContextListener: attributeAdded('StockTicker', 'async.Stockticker@9ef8eb7')
29-May-2022 23:50:39.106 INFO [main] org.apache.catalina.startup.HostConfig.deployDirectory Deployment of web application directory [/usr/local/apache-tomcat-10.0.21/webapps/examples] has finished in [557] ms
29-May-2022 23:50:39.106 INFO [main] org.apache.catalina.startup.HostConfig.deployDirectory Deploying web application directory [/usr/local/apache-tomcat-10.0.21/webapps/host-manager]
29-May-2022 23:50:39.230 INFO [main] org.apache.jasper.servlet.TldScanner.scanJars At least one JAR was scanned for TLDs yet contained no TLDs. Enable debug logging for this logger for a complete list of JARs that were scanned but no TLDs were found in them. Skipping unneeded JARs during scanning can improve startup time and JSP compilation time.
29-May-2022 23:50:39.242 INFO [main] org.apache.catalina.startup.HostConfig.deployDirectory Deployment of web application directory [/usr/local/apache-tomcat-10.0.21/webapps/host-manager] has finished in [136] ms
29-May-2022 23:50:39.243 INFO [main] org.apache.catalina.startup.HostConfig.deployDirectory Deploying web application directory [/usr/local/apache-tomcat-10.0.21/webapps/manager]
29-May-2022 23:50:39.356 INFO [main] org.apache.jasper.servlet.TldScanner.scanJars At least one JAR was scanned for TLDs yet contained no TLDs. Enable debug logging for this logger for a complete list of JARs that were scanned but no TLDs were found in them. Skipping unneeded JARs during scanning can improve startup time and JSP compilation time.
29-May-2022 23:50:39.367 INFO [main] org.apache.catalina.startup.HostConfig.deployDirectory Deployment of web application directory [/usr/local/apache-tomcat-10.0.21/webapps/manager] has finished in [124] ms
29-May-2022 23:50:39.377 SEVERE [main] org.apache.catalina.mapper.MapperListener.findDefaultHost Unknown default host [localhost] for service [StandardService[Catalina]]. Tomcat will not be able process HTTP/1.0 requests that do not specify a host name.
29-May-2022 23:50:39.379 SEVERE [main] org.apache.catalina.mapper.MapperListener.findDefaultHost Unknown default host [localhost] for service [StandardService[Catalina]]. Tomcat will not be able process HTTP/1.0 requests that do not specify a host name.
29-May-2022 23:50:39.379 INFO [main] org.apache.coyote.AbstractProtocol.start Starting ProtocolHandler ["ajp-nio-0.0.0.0-8009"]
29-May-2022 23:50:39.411 INFO [main] org.apache.catalina.startup.Catalina.start Server startup in [1868] milliseconds
