24-May-2022 04:06:52.897 INFO [main] org.apache.catalina.core.ApplicationContext.log ContextListener: contextInitialized()
24-May-2022 04:06:52.898 INFO [main] org.apache.catalina.core.ApplicationContext.log SessionListener: contextInitialized()
24-May-2022 04:06:52.904 INFO [main] org.apache.catalina.core.ApplicationContext.log ContextListener: attributeAdded('StockTicker', 'async.Stockticker@1e178745')
24-May-2022 04:06:53.109 INFO [main] org.apache.catalina.core.ApplicationContext.log SessionListener: contextDestroyed()
24-May-2022 04:06:53.109 INFO [main] org.apache.catalina.core.ApplicationContext.log ContextListener: contextDestroyed()
24-May-2022 04:15:25.506 INFO [main] org.apache.catalina.core.ApplicationContext.log ContextListener: contextInitialized()
24-May-2022 04:15:25.508 INFO [main] org.apache.catalina.core.ApplicationContext.log SessionListener: contextInitialized()
24-May-2022 04:15:25.510 INFO [main] org.apache.catalina.core.ApplicationContext.log ContextListener: attributeAdded('StockTicker', 'async.Stockticker@445b295b')
24-May-2022 04:16:56.949 INFO [main] org.apache.catalina.core.ApplicationContext.log SessionListener: contextDestroyed()
24-May-2022 04:16:56.952 INFO [main] org.apache.catalina.core.ApplicationContext.log ContextListener: contextDestroyed()
24-May-2022 04:17:05.261 INFO [main] org.apache.catalina.core.ApplicationContext.log ContextListener: contextInitialized()
24-May-2022 04:17:05.263 INFO [main] org.apache.catalina.core.ApplicationContext.log SessionListener: contextInitialized()
24-May-2022 04:17:05.264 INFO [main] org.apache.catalina.core.ApplicationContext.log ContextListener: attributeAdded('StockTicker', 'async.Stockticker@445b295b')
24-May-2022 04:28:34.731 INFO [main] org.apache.catalina.core.ApplicationContext.log SessionListener: contextDestroyed()
24-May-2022 04:28:34.732 INFO [main] org.apache.catalina.core.ApplicationContext.log ContextListener: contextDestroyed()
24-May-2022 04:28:40.703 INFO [main] org.apache.catalina.core.ApplicationContext.log ContextListener: contextInitialized()
24-May-2022 04:28:40.704 INFO [main] org.apache.catalina.core.ApplicationContext.log SessionListener: contextInitialized()
24-May-2022 04:28:40.708 INFO [main] org.apache.catalina.core.ApplicationContext.log ContextListener: attributeAdded('StockTicker', 'async.Stockticker@445b295b')
24-May-2022 04:29:53.081 INFO [main] org.apache.catalina.core.ApplicationContext.log SessionListener: contextDestroyed()
24-May-2022 04:29:53.083 INFO [main] org.apache.catalina.core.ApplicationContext.log ContextListener: contextDestroyed()
24-May-2022 04:29:56.336 INFO [main] org.apache.catalina.core.ApplicationContext.log ContextListener: contextInitialized()
24-May-2022 04:29:56.341 INFO [main] org.apache.catalina.core.ApplicationContext.log SessionListener: contextInitialized()
24-May-2022 04:29:56.342 INFO [main] org.apache.catalina.core.ApplicationContext.log ContextListener: attributeAdded('StockTicker', 'async.Stockticker@445b295b')
24-May-2022 04:32:20.761 INFO [main] org.apache.catalina.core.ApplicationContext.log SessionListener: contextDestroyed()
24-May-2022 04:32:20.761 INFO [main] org.apache.catalina.core.ApplicationContext.log ContextListener: contextDestroyed()
24-May-2022 04:32:33.689 INFO [main] org.apache.catalina.core.ApplicationContext.log ContextListener: contextInitialized()
24-May-2022 04:32:33.690 INFO [main] org.apache.catalina.core.ApplicationContext.log SessionListener: contextInitialized()
24-May-2022 04:32:33.695 INFO [main] org.apache.catalina.core.ApplicationContext.log ContextListener: attributeAdded('StockTicker', 'async.Stockticker@445b295b')
24-May-2022 05:09:12.329 INFO [main] org.apache.catalina.core.ApplicationContext.log SessionListener: contextDestroyed()
24-May-2022 05:09:12.329 INFO [main] org.apache.catalina.core.ApplicationContext.log ContextListener: contextDestroyed()
24-May-2022 05:09:20.383 INFO [main] org.apache.catalina.core.ApplicationContext.log ContextListener: contextInitialized()
24-May-2022 05:09:20.388 INFO [main] org.apache.catalina.core.ApplicationContext.log SessionListener: contextInitialized()
24-May-2022 05:09:20.391 INFO [main] org.apache.catalina.core.ApplicationContext.log ContextListener: attributeAdded('StockTicker', 'async.Stockticker@49e5f737')
24-May-2022 05:20:59.336 INFO [main] org.apache.catalina.core.ApplicationContext.log ContextListener: contextInitialized()
24-May-2022 05:20:59.342 INFO [main] org.apache.catalina.core.ApplicationContext.log SessionListener: contextInitialized()
24-May-2022 05:20:59.344 INFO [main] org.apache.catalina.core.ApplicationContext.log ContextListener: attributeAdded('StockTicker', 'async.Stockticker@1e178745')
24-May-2022 05:28:41.427 INFO [main] org.apache.catalina.core.ApplicationContext.log ContextListener: contextInitialized()
24-May-2022 05:28:41.429 INFO [main] org.apache.catalina.core.ApplicationContext.log SessionListener: contextInitialized()
24-May-2022 05:28:41.432 INFO [main] org.apache.catalina.core.ApplicationContext.log ContextListener: attributeAdded('StockTicker', 'async.Stockticker@1e178745')
24-May-2022 05:29:55.817 INFO [main] org.apache.catalina.core.ApplicationContext.log ContextListener: contextInitialized()
24-May-2022 05:29:55.818 INFO [main] org.apache.catalina.core.ApplicationContext.log SessionListener: contextInitialized()
24-May-2022 05:29:55.823 INFO [main] org.apache.catalina.core.ApplicationContext.log ContextListener: attributeAdded('StockTicker', 'async.Stockticker@20d525')
24-May-2022 06:04:06.377 INFO [Catalina-utility-1] org.apache.catalina.core.ApplicationContext.log SessionListener: contextDestroyed()
24-May-2022 06:04:06.377 INFO [Catalina-utility-1] org.apache.catalina.core.ApplicationContext.log ContextListener: contextDestroyed()
24-May-2022 06:04:06.635 INFO [Catalina-utility-1] org.apache.catalina.core.ApplicationContext.log ContextListener: contextInitialized()
24-May-2022 06:04:06.636 INFO [Catalina-utility-1] org.apache.catalina.core.ApplicationContext.log SessionListener: contextInitialized()
24-May-2022 06:04:06.637 INFO [Catalina-utility-1] org.apache.catalina.core.ApplicationContext.log ContextListener: attributeAdded('StockTicker', 'async.Stockticker@61d328ec')
24-May-2022 06:04:09.989 INFO [Catalina-utility-1] org.apache.catalina.core.ApplicationContext.log SessionListener: contextDestroyed()
24-May-2022 06:04:09.991 INFO [Catalina-utility-1] org.apache.catalina.core.ApplicationContext.log ContextListener: contextDestroyed()
24-May-2022 06:04:10.432 INFO [Catalina-utility-1] org.apache.catalina.core.ApplicationContext.log ContextListener: contextInitialized()
24-May-2022 06:04:10.433 INFO [Catalina-utility-1] org.apache.catalina.core.ApplicationContext.log SessionListener: contextInitialized()
24-May-2022 06:04:10.434 INFO [Catalina-utility-1] org.apache.catalina.core.ApplicationContext.log ContextListener: attributeAdded('StockTicker', 'async.Stockticker@3975e946')
24-May-2022 06:04:11.016 INFO [Catalina-utility-2] org.apache.catalina.core.ApplicationContext.log SessionListener: contextDestroyed()
24-May-2022 06:04:11.016 INFO [Catalina-utility-2] org.apache.catalina.core.ApplicationContext.log ContextListener: contextDestroyed()
24-May-2022 06:04:11.362 INFO [Catalina-utility-2] org.apache.catalina.core.ApplicationContext.log ContextListener: contextInitialized()
24-May-2022 06:04:11.365 INFO [Catalina-utility-2] org.apache.catalina.core.ApplicationContext.log SessionListener: contextInitialized()
24-May-2022 06:04:11.366 INFO [Catalina-utility-2] org.apache.catalina.core.ApplicationContext.log ContextListener: attributeAdded('StockTicker', 'async.Stockticker@7b907c9e')
24-May-2022 06:04:12.060 INFO [Catalina-utility-2] org.apache.catalina.core.ApplicationContext.log SessionListener: contextDestroyed()
24-May-2022 06:04:12.061 INFO [Catalina-utility-2] org.apache.catalina.core.ApplicationContext.log ContextListener: contextDestroyed()
24-May-2022 06:04:12.427 INFO [Catalina-utility-2] org.apache.catalina.core.ApplicationContext.log ContextListener: contextInitialized()
24-May-2022 06:04:12.428 INFO [Catalina-utility-2] org.apache.catalina.core.ApplicationContext.log SessionListener: contextInitialized()
24-May-2022 06:04:12.429 INFO [Catalina-utility-2] org.apache.catalina.core.ApplicationContext.log ContextListener: attributeAdded('StockTicker', 'async.Stockticker@4b227e8c')
24-May-2022 06:04:26.407 INFO [main] org.apache.catalina.core.ApplicationContext.log ContextListener: contextInitialized()
24-May-2022 06:04:26.411 INFO [main] org.apache.catalina.core.ApplicationContext.log SessionListener: contextInitialized()
24-May-2022 06:04:26.413 INFO [main] org.apache.catalina.core.ApplicationContext.log ContextListener: attributeAdded('StockTicker', 'async.Stockticker@6200f9cb')
24-May-2022 06:05:20.727 INFO [Catalina-utility-2] org.apache.catalina.core.ApplicationContext.log SessionListener: contextDestroyed()
24-May-2022 06:05:20.727 INFO [Catalina-utility-2] org.apache.catalina.core.ApplicationContext.log ContextListener: contextDestroyed()
24-May-2022 06:05:20.940 INFO [Catalina-utility-2] org.apache.catalina.core.ApplicationContext.log ContextListener: contextInitialized()
24-May-2022 06:05:20.940 INFO [Catalina-utility-2] org.apache.catalina.core.ApplicationContext.log SessionListener: contextInitialized()
24-May-2022 06:05:20.941 INFO [Catalina-utility-2] org.apache.catalina.core.ApplicationContext.log ContextListener: attributeAdded('StockTicker', 'async.Stockticker@3f787620')
24-May-2022 06:05:21.644 INFO [Catalina-utility-1] org.apache.catalina.core.ApplicationContext.log SessionListener: contextDestroyed()
24-May-2022 06:05:21.644 INFO [Catalina-utility-1] org.apache.catalina.core.ApplicationContext.log ContextListener: contextDestroyed()
24-May-2022 06:05:22.008 INFO [Catalina-utility-1] org.apache.catalina.core.ApplicationContext.log ContextListener: contextInitialized()
24-May-2022 06:05:22.009 INFO [Catalina-utility-1] org.apache.catalina.core.ApplicationContext.log SessionListener: contextInitialized()
24-May-2022 06:05:22.010 INFO [Catalina-utility-1] org.apache.catalina.core.ApplicationContext.log ContextListener: attributeAdded('StockTicker', 'async.Stockticker@470b6c24')
24-May-2022 06:05:22.674 INFO [Catalina-utility-1] org.apache.catalina.core.ApplicationContext.log SessionListener: contextDestroyed()
24-May-2022 06:05:22.675 INFO [Catalina-utility-1] org.apache.catalina.core.ApplicationContext.log ContextListener: contextDestroyed()
24-May-2022 06:05:22.928 INFO [Catalina-utility-1] org.apache.catalina.core.ApplicationContext.log ContextListener: contextInitialized()
24-May-2022 06:05:22.933 INFO [Catalina-utility-1] org.apache.catalina.core.ApplicationContext.log SessionListener: contextInitialized()
24-May-2022 06:05:22.933 INFO [Catalina-utility-1] org.apache.catalina.core.ApplicationContext.log ContextListener: attributeAdded('StockTicker', 'async.Stockticker@4fe6b511')
24-May-2022 06:05:26.689 INFO [Catalina-utility-2] org.apache.catalina.core.ApplicationContext.log SessionListener: contextDestroyed()
24-May-2022 06:05:26.690 INFO [Catalina-utility-2] org.apache.catalina.core.ApplicationContext.log ContextListener: contextDestroyed()
24-May-2022 06:05:26.890 INFO [Catalina-utility-1] org.apache.catalina.core.ApplicationContext.log SessionListener: contextDestroyed()
24-May-2022 06:05:26.892 INFO [Catalina-utility-1] org.apache.catalina.core.ApplicationContext.log ContextListener: contextDestroyed()
24-May-2022 06:05:27.155 INFO [Catalina-utility-2] org.apache.catalina.core.ApplicationContext.log ContextListener: contextInitialized()
24-May-2022 06:05:27.164 INFO [Catalina-utility-2] org.apache.catalina.core.ApplicationContext.log SessionListener: contextInitialized()
24-May-2022 06:05:27.165 INFO [Catalina-utility-2] org.apache.catalina.core.ApplicationContext.log ContextListener: attributeAdded('StockTicker', 'async.Stockticker@735c54fa')
24-May-2022 06:05:27.342 INFO [Catalina-utility-1] org.apache.catalina.core.ApplicationContext.log ContextListener: contextInitialized()
24-May-2022 06:05:27.343 INFO [Catalina-utility-1] org.apache.catalina.core.ApplicationContext.log SessionListener: contextInitialized()
24-May-2022 06:05:27.344 INFO [Catalina-utility-1] org.apache.catalina.core.ApplicationContext.log ContextListener: attributeAdded('StockTicker', 'async.Stockticker@24d70166')
24-May-2022 06:05:30.312 INFO [main] org.apache.catalina.core.ApplicationContext.log ContextListener: contextInitialized()
24-May-2022 06:05:30.314 INFO [main] org.apache.catalina.core.ApplicationContext.log SessionListener: contextInitialized()
24-May-2022 06:05:30.315 INFO [main] org.apache.catalina.core.ApplicationContext.log ContextListener: attributeAdded('StockTicker', 'async.Stockticker@20d525')
24-May-2022 06:06:49.260 INFO [main] org.apache.catalina.core.ApplicationContext.log ContextListener: contextInitialized()
24-May-2022 06:06:49.261 INFO [main] org.apache.catalina.core.ApplicationContext.log SessionListener: contextInitialized()
24-May-2022 06:06:49.268 INFO [main] org.apache.catalina.core.ApplicationContext.log ContextListener: attributeAdded('StockTicker', 'async.Stockticker@20d525')
24-May-2022 06:07:54.160 INFO [main] org.apache.catalina.core.ApplicationContext.log ContextListener: contextInitialized()
24-May-2022 06:07:54.166 INFO [main] org.apache.catalina.core.ApplicationContext.log SessionListener: contextInitialized()
24-May-2022 06:07:54.168 INFO [main] org.apache.catalina.core.ApplicationContext.log ContextListener: attributeAdded('StockTicker', 'async.Stockticker@192c3f1e')
24-May-2022 06:09:34.543 INFO [Catalina-utility-2] org.apache.catalina.core.ApplicationContext.log SessionListener: contextDestroyed()
24-May-2022 06:09:34.544 INFO [Catalina-utility-2] org.apache.catalina.core.ApplicationContext.log ContextListener: contextDestroyed()
24-May-2022 06:09:35.021 INFO [Catalina-utility-2] org.apache.catalina.core.ApplicationContext.log ContextListener: contextInitialized()
24-May-2022 06:09:35.027 INFO [Catalina-utility-2] org.apache.catalina.core.ApplicationContext.log SessionListener: contextInitialized()
24-May-2022 06:09:35.028 INFO [Catalina-utility-2] org.apache.catalina.core.ApplicationContext.log ContextListener: attributeAdded('StockTicker', 'async.Stockticker@29894316')
24-May-2022 06:09:37.598 INFO [Catalina-utility-2] org.apache.catalina.core.ApplicationContext.log SessionListener: contextDestroyed()
24-May-2022 06:09:37.598 INFO [Catalina-utility-2] org.apache.catalina.core.ApplicationContext.log ContextListener: contextDestroyed()
24-May-2022 06:09:37.701 INFO [Catalina-utility-2] org.apache.catalina.core.ApplicationContext.log SessionListener: contextDestroyed()
24-May-2022 06:09:37.701 INFO [Catalina-utility-2] org.apache.catalina.core.ApplicationContext.log ContextListener: contextDestroyed()
24-May-2022 06:09:38.268 INFO [Catalina-utility-2] org.apache.catalina.core.ApplicationContext.log ContextListener: contextInitialized()
24-May-2022 06:09:38.279 INFO [Catalina-utility-2] org.apache.catalina.core.ApplicationContext.log SessionListener: contextInitialized()
24-May-2022 06:09:38.279 INFO [Catalina-utility-2] org.apache.catalina.core.ApplicationContext.log ContextListener: attributeAdded('StockTicker', 'async.Stockticker@7740e719')
24-May-2022 06:09:38.373 INFO [Catalina-utility-2] org.apache.catalina.core.ApplicationContext.log ContextListener: contextInitialized()
24-May-2022 06:09:38.379 INFO [Catalina-utility-2] org.apache.catalina.core.ApplicationContext.log SessionListener: contextInitialized()
24-May-2022 06:09:38.380 INFO [Catalina-utility-2] org.apache.catalina.core.ApplicationContext.log ContextListener: attributeAdded('StockTicker', 'async.Stockticker@72e9956')
24-May-2022 06:09:39.727 INFO [Catalina-utility-2] org.apache.catalina.core.ApplicationContext.log SessionListener: contextDestroyed()
24-May-2022 06:09:39.728 INFO [Catalina-utility-2] org.apache.catalina.core.ApplicationContext.log ContextListener: contextDestroyed()
24-May-2022 06:09:40.335 INFO [Catalina-utility-2] org.apache.catalina.core.ApplicationContext.log ContextListener: contextInitialized()
24-May-2022 06:09:40.348 INFO [Catalina-utility-2] org.apache.catalina.core.ApplicationContext.log SessionListener: contextInitialized()
24-May-2022 06:09:40.360 INFO [Catalina-utility-2] org.apache.catalina.core.ApplicationContext.log ContextListener: attributeAdded('StockTicker', 'async.Stockticker@4ef20df0')
24-May-2022 06:09:40.795 INFO [Catalina-utility-1] org.apache.catalina.core.ApplicationContext.log SessionListener: contextDestroyed()
24-May-2022 06:09:40.800 INFO [Catalina-utility-1] org.apache.catalina.core.ApplicationContext.log ContextListener: contextDestroyed()
24-May-2022 06:09:41.252 INFO [Catalina-utility-1] org.apache.catalina.core.ApplicationContext.log SessionListener: contextDestroyed()
24-May-2022 06:09:41.252 INFO [Catalina-utility-1] org.apache.catalina.core.ApplicationContext.log ContextListener: contextDestroyed()
24-May-2022 06:09:41.731 INFO [Catalina-utility-1] org.apache.catalina.core.ApplicationContext.log ContextListener: contextInitialized()
24-May-2022 06:09:41.753 INFO [Catalina-utility-1] org.apache.catalina.core.ApplicationContext.log SessionListener: contextInitialized()
24-May-2022 06:09:41.755 INFO [Catalina-utility-1] org.apache.catalina.core.ApplicationContext.log ContextListener: attributeAdded('StockTicker', 'async.Stockticker@24245a6f')
24-May-2022 06:09:42.069 INFO [Catalina-utility-1] org.apache.catalina.core.ApplicationContext.log ContextListener: contextInitialized()
24-May-2022 06:09:42.069 INFO [Catalina-utility-1] org.apache.catalina.core.ApplicationContext.log SessionListener: contextInitialized()
24-May-2022 06:09:42.072 INFO [Catalina-utility-1] org.apache.catalina.core.ApplicationContext.log ContextListener: attributeAdded('StockTicker', 'async.Stockticker@aa9d2e2')
24-May-2022 06:09:42.442 INFO [Catalina-utility-2] org.apache.catalina.core.ApplicationContext.log SessionListener: contextDestroyed()
24-May-2022 06:09:42.443 INFO [Catalina-utility-2] org.apache.catalina.core.ApplicationContext.log ContextListener: contextDestroyed()
24-May-2022 06:09:43.273 INFO [Catalina-utility-1] org.apache.catalina.core.ApplicationContext.log SessionListener: contextDestroyed()
24-May-2022 06:09:43.273 INFO [Catalina-utility-1] org.apache.catalina.core.ApplicationContext.log ContextListener: contextDestroyed()
24-May-2022 06:09:43.250 INFO [Catalina-utility-2] org.apache.catalina.core.ApplicationContext.log ContextListener: contextInitialized()
24-May-2022 06:09:43.276 INFO [Catalina-utility-2] org.apache.catalina.core.ApplicationContext.log SessionListener: contextInitialized()
24-May-2022 06:09:43.280 INFO [Catalina-utility-2] org.apache.catalina.core.ApplicationContext.log ContextListener: attributeAdded('StockTicker', 'async.Stockticker@31ceea43')
24-May-2022 06:09:43.989 INFO [Catalina-utility-1] org.apache.catalina.core.ApplicationContext.log ContextListener: contextInitialized()
24-May-2022 06:09:43.989 INFO [Catalina-utility-1] org.apache.catalina.core.ApplicationContext.log SessionListener: contextInitialized()
24-May-2022 06:09:43.990 INFO [Catalina-utility-1] org.apache.catalina.core.ApplicationContext.log ContextListener: attributeAdded('StockTicker', 'async.Stockticker@174b18c1')
24-May-2022 06:09:45.196 INFO [main] org.apache.catalina.core.ApplicationContext.log ContextListener: contextInitialized()
24-May-2022 06:09:45.197 INFO [main] org.apache.catalina.core.ApplicationContext.log SessionListener: contextInitialized()
24-May-2022 06:09:45.198 INFO [main] org.apache.catalina.core.ApplicationContext.log ContextListener: attributeAdded('StockTicker', 'async.Stockticker@26b3fd41')
24-May-2022 06:10:12.322 INFO [Catalina-utility-1] org.apache.catalina.core.ApplicationContext.log SessionListener: contextDestroyed()
24-May-2022 06:10:12.324 INFO [Catalina-utility-1] org.apache.catalina.core.ApplicationContext.log ContextListener: contextDestroyed()
24-May-2022 06:10:12.576 INFO [Catalina-utility-1] org.apache.catalina.core.ApplicationContext.log SessionListener: contextDestroyed()
24-May-2022 06:10:12.578 INFO [Catalina-utility-1] org.apache.catalina.core.ApplicationContext.log ContextListener: contextDestroyed()
24-May-2022 06:10:12.660 INFO [Catalina-utility-1] org.apache.catalina.core.ApplicationContext.log ContextListener: contextInitialized()
24-May-2022 06:10:12.664 INFO [Catalina-utility-1] org.apache.catalina.core.ApplicationContext.log SessionListener: contextInitialized()
24-May-2022 06:10:12.664 INFO [Catalina-utility-1] org.apache.catalina.core.ApplicationContext.log ContextListener: attributeAdded('StockTicker', 'async.Stockticker@3bc328a6')
24-May-2022 06:10:12.929 INFO [Catalina-utility-1] org.apache.catalina.core.ApplicationContext.log ContextListener: contextInitialized()
24-May-2022 06:10:12.931 INFO [Catalina-utility-1] org.apache.catalina.core.ApplicationContext.log SessionListener: contextInitialized()
24-May-2022 06:10:12.932 INFO [Catalina-utility-1] org.apache.catalina.core.ApplicationContext.log ContextListener: attributeAdded('StockTicker', 'async.Stockticker@7cfa104b')
24-May-2022 06:10:13.717 INFO [Catalina-utility-1] org.apache.catalina.core.ApplicationContext.log SessionListener: contextDestroyed()
24-May-2022 06:10:13.717 INFO [Catalina-utility-1] org.apache.catalina.core.ApplicationContext.log ContextListener: contextDestroyed()
24-May-2022 06:10:13.891 INFO [Catalina-utility-1] org.apache.catalina.core.ApplicationContext.log ContextListener: contextInitialized()
24-May-2022 06:10:13.895 INFO [Catalina-utility-1] org.apache.catalina.core.ApplicationContext.log SessionListener: contextInitialized()
24-May-2022 06:10:13.896 INFO [Catalina-utility-1] org.apache.catalina.core.ApplicationContext.log ContextListener: attributeAdded('StockTicker', 'async.Stockticker@3fc14724')
24-May-2022 06:10:14.350 INFO [Catalina-utility-2] org.apache.catalina.core.ApplicationContext.log SessionListener: contextDestroyed()
24-May-2022 06:10:14.350 INFO [Catalina-utility-2] org.apache.catalina.core.ApplicationContext.log ContextListener: contextDestroyed()
24-May-2022 06:10:14.568 INFO [Catalina-utility-2] org.apache.catalina.core.ApplicationContext.log ContextListener: contextInitialized()
24-May-2022 06:10:14.569 INFO [Catalina-utility-2] org.apache.catalina.core.ApplicationContext.log SessionListener: contextInitialized()
24-May-2022 06:10:14.569 INFO [Catalina-utility-2] org.apache.catalina.core.ApplicationContext.log ContextListener: attributeAdded('StockTicker', 'async.Stockticker@746ebbb6')
24-May-2022 06:10:15.385 INFO [Catalina-utility-1] org.apache.catalina.core.ApplicationContext.log SessionListener: contextDestroyed()
24-May-2022 06:10:15.385 INFO [Catalina-utility-1] org.apache.catalina.core.ApplicationContext.log ContextListener: contextDestroyed()
24-May-2022 06:10:15.830 INFO [Catalina-utility-1] org.apache.catalina.core.ApplicationContext.log SessionListener: contextDestroyed()
24-May-2022 06:10:15.832 INFO [Catalina-utility-1] org.apache.catalina.core.ApplicationContext.log ContextListener: contextDestroyed()
24-May-2022 06:10:15.972 INFO [Catalina-utility-1] org.apache.catalina.core.ApplicationContext.log ContextListener: contextInitialized()
24-May-2022 06:10:15.976 INFO [Catalina-utility-1] org.apache.catalina.core.ApplicationContext.log SessionListener: contextInitialized()
24-May-2022 06:10:15.978 INFO [Catalina-utility-1] org.apache.catalina.core.ApplicationContext.log ContextListener: attributeAdded('StockTicker', 'async.Stockticker@4dcc04e8')
24-May-2022 06:10:16.382 INFO [Catalina-utility-1] org.apache.catalina.core.ApplicationContext.log ContextListener: contextInitialized()
24-May-2022 06:10:16.391 INFO [Catalina-utility-1] org.apache.catalina.core.ApplicationContext.log SessionListener: contextInitialized()
24-May-2022 06:10:16.392 INFO [Catalina-utility-1] org.apache.catalina.core.ApplicationContext.log ContextListener: attributeAdded('StockTicker', 'async.Stockticker@3a2d38cb')
24-May-2022 06:10:18.755 INFO [Catalina-utility-1] org.apache.catalina.core.ApplicationContext.log SessionListener: contextDestroyed()
24-May-2022 06:10:18.755 INFO [Catalina-utility-1] org.apache.catalina.core.ApplicationContext.log ContextListener: contextDestroyed()
24-May-2022 06:10:18.800 INFO [Catalina-utility-2] org.apache.catalina.core.ApplicationContext.log SessionListener: contextDestroyed()
24-May-2022 06:10:18.804 INFO [Catalina-utility-2] org.apache.catalina.core.ApplicationContext.log ContextListener: contextDestroyed()
24-May-2022 06:10:19.238 INFO [Catalina-utility-2] org.apache.catalina.core.ApplicationContext.log ContextListener: contextInitialized()
24-May-2022 06:10:19.239 INFO [Catalina-utility-2] org.apache.catalina.core.ApplicationContext.log SessionListener: contextInitialized()
24-May-2022 06:10:19.240 INFO [Catalina-utility-2] org.apache.catalina.core.ApplicationContext.log ContextListener: attributeAdded('StockTicker', 'async.Stockticker@227026fa')
24-May-2022 06:10:19.273 INFO [Catalina-utility-1] org.apache.catalina.core.ApplicationContext.log ContextListener: contextInitialized()
24-May-2022 06:10:19.274 INFO [Catalina-utility-1] org.apache.catalina.core.ApplicationContext.log SessionListener: contextInitialized()
24-May-2022 06:10:19.276 INFO [Catalina-utility-1] org.apache.catalina.core.ApplicationContext.log ContextListener: attributeAdded('StockTicker', 'async.Stockticker@78b2d15b')
24-May-2022 06:10:20.852 INFO [Catalina-utility-1] org.apache.catalina.core.ApplicationContext.log SessionListener: contextDestroyed()
24-May-2022 06:10:20.852 INFO [Catalina-utility-1] org.apache.catalina.core.ApplicationContext.log ContextListener: contextDestroyed()
24-May-2022 06:10:21.095 INFO [Catalina-utility-1] org.apache.catalina.core.ApplicationContext.log ContextListener: contextInitialized()
24-May-2022 06:10:21.100 INFO [Catalina-utility-1] org.apache.catalina.core.ApplicationContext.log SessionListener: contextInitialized()
24-May-2022 06:10:21.101 INFO [Catalina-utility-1] org.apache.catalina.core.ApplicationContext.log ContextListener: attributeAdded('StockTicker', 'async.Stockticker@12a882f9')
24-May-2022 06:10:34.168 INFO [main] org.apache.catalina.core.ApplicationContext.log ContextListener: contextInitialized()
24-May-2022 06:10:34.170 INFO [main] org.apache.catalina.core.ApplicationContext.log SessionListener: contextInitialized()
24-May-2022 06:10:34.175 INFO [main] org.apache.catalina.core.ApplicationContext.log ContextListener: attributeAdded('StockTicker', 'async.Stockticker@561b6512')
24-May-2022 06:15:54.848 INFO [main] org.apache.catalina.core.ApplicationContext.log ContextListener: contextInitialized()
24-May-2022 06:15:54.850 INFO [main] org.apache.catalina.core.ApplicationContext.log SessionListener: contextInitialized()
24-May-2022 06:15:54.857 INFO [main] org.apache.catalina.core.ApplicationContext.log ContextListener: attributeAdded('StockTicker', 'async.Stockticker@49e5f737')
24-May-2022 06:35:31.186 INFO [main] org.apache.catalina.core.ApplicationContext.log ContextListener: contextInitialized()
24-May-2022 06:35:31.189 INFO [main] org.apache.catalina.core.ApplicationContext.log SessionListener: contextInitialized()
24-May-2022 06:35:31.200 INFO [main] org.apache.catalina.core.ApplicationContext.log ContextListener: attributeAdded('StockTicker', 'async.Stockticker@7494f96a')
24-May-2022 06:52:10.526 INFO [main] org.apache.catalina.core.ApplicationContext.log ContextListener: contextInitialized()
24-May-2022 06:52:10.527 INFO [main] org.apache.catalina.core.ApplicationContext.log SessionListener: contextInitialized()
24-May-2022 06:52:10.528 INFO [main] org.apache.catalina.core.ApplicationContext.log ContextListener: attributeAdded('StockTicker', 'async.Stockticker@175b9425')
